<?xml version="1.0" encoding="UTF-8"?>
<testsuite name="pl.edu.agh.api.controller.MatchManagementControllerTest" tests="7" skipped="0" failures="0" errors="0" timestamp="2022-05-20T10:17:44" hostname="MacBook-Air-Adrian.local" time="0.026">
  <properties/>
  <testcase name="getMatchByRefereeTokenNotFound()" classname="pl.edu.agh.api.controller.MatchManagementControllerTest" time="0.004"/>
  <testcase name="cancelMatch()" classname="pl.edu.agh.api.controller.MatchManagementControllerTest" time="0.002"/>
  <testcase name="getMatchByRefereeTokenFound()" classname="pl.edu.agh.api.controller.MatchManagementControllerTest" time="0.002"/>
  <testcase name="getMatchByIdFound()" classname="pl.edu.agh.api.controller.MatchManagementControllerTest" time="0.002"/>
  <testcase name="addNewMatch()" classname="pl.edu.agh.api.controller.MatchManagementControllerTest" time="0.006"/>
  <testcase name="getMatchByIdNotFound()" classname="pl.edu.agh.api.controller.MatchManagementControllerTest" time="0.003"/>
  <testcase name="getMatches()" classname="pl.edu.agh.api.controller.MatchManagementControllerTest" time="0.003"/>
  <system-out><![CDATA[2022-05-20 12:17:44.183  INFO 26987 --- [    Test worker] .b.t.a.w.s.WebMvcTestContextBootstrapper : Neither @ContextConfiguration nor @ContextHierarchy found for test class [pl.edu.agh.api.controller.MatchManagementControllerTest], using SpringBootContextLoader
2022-05-20 12:17:44.184  INFO 26987 --- [    Test worker] o.s.t.c.support.AbstractContextLoader    : Could not detect default resource locations for test class [pl.edu.agh.api.controller.MatchManagementControllerTest]: no resource found for suffixes {-context.xml, Context.groovy}.
2022-05-20 12:17:44.184  INFO 26987 --- [    Test worker] t.c.s.AnnotationConfigContextLoaderUtils : Could not detect default configuration classes for test class [pl.edu.agh.api.controller.MatchManagementControllerTest]: MatchManagementControllerTest does not declare any static, non-private, non-final, nested classes annotated with @Configuration.
2022-05-20 12:17:44.185  INFO 26987 --- [    Test worker] .b.t.c.SpringBootTestContextBootstrapper : Found @SpringBootConfiguration pl.edu.agh.RefereeApplication for test class pl.edu.agh.api.controller.MatchManagementControllerTest
2022-05-20 12:17:44.185  INFO 26987 --- [    Test worker] .b.t.a.w.s.WebMvcTestContextBootstrapper : Loaded default TestExecutionListener class names from location [META-INF/spring.factories]: [org.springframework.boot.test.autoconfigure.restdocs.RestDocsTestExecutionListener, org.springframework.boot.test.autoconfigure.web.client.MockRestServiceServerResetTestExecutionListener, org.springframework.boot.test.autoconfigure.web.servlet.MockMvcPrintOnlyOnFailureTestExecutionListener, org.springframework.boot.test.autoconfigure.web.servlet.WebDriverTestExecutionListener, org.springframework.boot.test.autoconfigure.webservices.client.MockWebServiceServerTestExecutionListener, org.springframework.boot.test.mock.mockito.MockitoTestExecutionListener, org.springframework.boot.test.mock.mockito.ResetMocksTestExecutionListener, org.springframework.test.context.web.ServletTestExecutionListener, org.springframework.test.context.support.DirtiesContextBeforeModesTestExecutionListener, org.springframework.test.context.event.ApplicationEventsTestExecutionListener, org.springframework.test.context.support.DependencyInjectionTestExecutionListener, org.springframework.test.context.support.DirtiesContextTestExecutionListener, org.springframework.test.context.transaction.TransactionalTestExecutionListener, org.springframework.test.context.jdbc.SqlScriptsTestExecutionListener, org.springframework.test.context.event.EventPublishingTestExecutionListener]
2022-05-20 12:17:44.185  INFO 26987 --- [    Test worker] .b.t.a.w.s.WebMvcTestContextBootstrapper : Using TestExecutionListeners: [org.springframework.test.context.web.ServletTestExecutionListener@7e9d171c, org.springframework.test.context.support.DirtiesContextBeforeModesTestExecutionListener@3a1540be, org.springframework.test.context.event.ApplicationEventsTestExecutionListener@6aff157e, org.springframework.boot.test.mock.mockito.MockitoTestExecutionListener@65fa1cd, org.springframework.boot.test.autoconfigure.SpringBootDependencyInjectionTestExecutionListener@106c73ed, org.springframework.test.context.support.DirtiesContextTestExecutionListener@6cd1ee, org.springframework.test.context.transaction.TransactionalTestExecutionListener@122a6078, org.springframework.test.context.jdbc.SqlScriptsTestExecutionListener@6980fa39, org.springframework.test.context.event.EventPublishingTestExecutionListener@1a000fff, org.springframework.boot.test.autoconfigure.restdocs.RestDocsTestExecutionListener@7c855ef0, org.springframework.boot.test.autoconfigure.web.client.MockRestServiceServerResetTestExecutionListener@3dedc8b8, org.springframework.boot.test.autoconfigure.web.servlet.MockMvcPrintOnlyOnFailureTestExecutionListener@5352bc0e, org.springframework.boot.test.autoconfigure.web.servlet.WebDriverTestExecutionListener@49b73e6c, org.springframework.boot.test.autoconfigure.webservices.client.MockWebServiceServerTestExecutionListener@1f138b74, org.springframework.boot.test.mock.mockito.ResetMocksTestExecutionListener@4c682826]

  .   ____          _            __ _ _
 /\\ / ___'_ __ _ _(_)_ __  __ _ \ \ \ \
( ( )\___ | '_ | '_| | '_ \/ _` | \ \ \ \
 \\/  ___)| |_)| | | | | || (_| |  ) ) ) )
  '  |____| .__|_| |_|_| |_\__, | / / / /
 =========|_|==============|___/=/_/_/_/
 :: Spring Boot ::                (v2.6.6)

2022-05-20 12:17:44.193  INFO 26987 --- [    Test worker] p.e.a.a.c.MatchManagementControllerTest  : Starting MatchManagementControllerTest using Java 17.0.2 on MacBook-Air-Adrian.local with PID 26987 (started by ajablonsk1 in /Users/ajablonsk1/Desktop/studies/semestr-6/inżynieria-oprogramowania/green-koala/backend)
2022-05-20 12:17:44.193  INFO 26987 --- [    Test worker] p.e.a.a.c.MatchManagementControllerTest  : No active profile set, falling back to 1 default profile: "default"
2022-05-20 12:17:44.289  INFO 26987 --- [    Test worker] o.s.b.t.m.w.SpringBootMockServletContext : Initializing Spring TestDispatcherServlet ''
2022-05-20 12:17:44.289  INFO 26987 --- [    Test worker] o.s.t.web.servlet.TestDispatcherServlet  : Initializing Servlet ''
2022-05-20 12:17:44.289  INFO 26987 --- [    Test worker] o.s.t.web.servlet.TestDispatcherServlet  : Completed initialization in 0 ms
2022-05-20 12:17:44.293  INFO 26987 --- [    Test worker] p.e.a.a.c.MatchManagementControllerTest  : Started MatchManagementControllerTest in 0.106 seconds (JVM running for 2.792)
]]></system-out>
  <system-err><![CDATA[]]></system-err>
</testsuite>
