<?xml version="1.0" encoding="UTF-8"?>
<testsuite name="pl.edu.agh.api.controller.ActorsControllerTest" tests="4" skipped="0" failures="0" errors="0" timestamp="2022-05-20T10:17:44" hostname="MacBook-Air-Adrian.local" time="0.085">
  <properties/>
  <testcase name="getAllFighters()" classname="pl.edu.agh.api.controller.ActorsControllerTest" time="0.056"/>
  <testcase name="registerFighter()" classname="pl.edu.agh.api.controller.ActorsControllerTest" time="0.021"/>
  <testcase name="getFighterByIdFound()" classname="pl.edu.agh.api.controller.ActorsControllerTest" time="0.005"/>
  <testcase name="getFighterByIdNotFound()" classname="pl.edu.agh.api.controller.ActorsControllerTest" time="0.002"/>
  <system-out><![CDATA[2022-05-20 12:17:43.936  INFO 26987 --- [    Test worker] .b.t.a.w.s.WebMvcTestContextBootstrapper : Neither @ContextConfiguration nor @ContextHierarchy found for test class [pl.edu.agh.api.controller.ActorsControllerTest], using SpringBootContextLoader
2022-05-20 12:17:43.937  INFO 26987 --- [    Test worker] o.s.t.c.support.AbstractContextLoader    : Could not detect default resource locations for test class [pl.edu.agh.api.controller.ActorsControllerTest]: no resource found for suffixes {-context.xml, Context.groovy}.
2022-05-20 12:17:43.937  INFO 26987 --- [    Test worker] t.c.s.AnnotationConfigContextLoaderUtils : Could not detect default configuration classes for test class [pl.edu.agh.api.controller.ActorsControllerTest]: ActorsControllerTest does not declare any static, non-private, non-final, nested classes annotated with @Configuration.
2022-05-20 12:17:43.944  INFO 26987 --- [    Test worker] .b.t.c.SpringBootTestContextBootstrapper : Found @SpringBootConfiguration pl.edu.agh.RefereeApplication for test class pl.edu.agh.api.controller.ActorsControllerTest
2022-05-20 12:17:43.945  INFO 26987 --- [    Test worker] .b.t.a.w.s.WebMvcTestContextBootstrapper : Loaded default TestExecutionListener class names from location [META-INF/spring.factories]: [org.springframework.boot.test.autoconfigure.restdocs.RestDocsTestExecutionListener, org.springframework.boot.test.autoconfigure.web.client.MockRestServiceServerResetTestExecutionListener, org.springframework.boot.test.autoconfigure.web.servlet.MockMvcPrintOnlyOnFailureTestExecutionListener, org.springframework.boot.test.autoconfigure.web.servlet.WebDriverTestExecutionListener, org.springframework.boot.test.autoconfigure.webservices.client.MockWebServiceServerTestExecutionListener, org.springframework.boot.test.mock.mockito.MockitoTestExecutionListener, org.springframework.boot.test.mock.mockito.ResetMocksTestExecutionListener, org.springframework.test.context.web.ServletTestExecutionListener, org.springframework.test.context.support.DirtiesContextBeforeModesTestExecutionListener, org.springframework.test.context.event.ApplicationEventsTestExecutionListener, org.springframework.test.context.support.DependencyInjectionTestExecutionListener, org.springframework.test.context.support.DirtiesContextTestExecutionListener, org.springframework.test.context.transaction.TransactionalTestExecutionListener, org.springframework.test.context.jdbc.SqlScriptsTestExecutionListener, org.springframework.test.context.event.EventPublishingTestExecutionListener]
2022-05-20 12:17:43.945  INFO 26987 --- [    Test worker] .b.t.a.w.s.WebMvcTestContextBootstrapper : Using TestExecutionListeners: [org.springframework.test.context.web.ServletTestExecutionListener@535b4dbf, org.springframework.test.context.support.DirtiesContextBeforeModesTestExecutionListener@4f571c0e, org.springframework.test.context.event.ApplicationEventsTestExecutionListener@c7cbc2d, org.springframework.boot.test.mock.mockito.MockitoTestExecutionListener@36ae17ef, org.springframework.boot.test.autoconfigure.SpringBootDependencyInjectionTestExecutionListener@3f919230, org.springframework.test.context.support.DirtiesContextTestExecutionListener@48d14ea0, org.springframework.test.context.transaction.TransactionalTestExecutionListener@21251e43, org.springframework.test.context.jdbc.SqlScriptsTestExecutionListener@677274e7, org.springframework.test.context.event.EventPublishingTestExecutionListener@54c17a2b, org.springframework.boot.test.autoconfigure.restdocs.RestDocsTestExecutionListener@16279a5d, org.springframework.boot.test.autoconfigure.web.client.MockRestServiceServerResetTestExecutionListener@1f7949dc, org.springframework.boot.test.autoconfigure.web.servlet.MockMvcPrintOnlyOnFailureTestExecutionListener@6bd8c398, org.springframework.boot.test.autoconfigure.web.servlet.WebDriverTestExecutionListener@3497ecea, org.springframework.boot.test.autoconfigure.webservices.client.MockWebServiceServerTestExecutionListener@1e487d57, org.springframework.boot.test.mock.mockito.ResetMocksTestExecutionListener@4b2af0eb]

  .   ____          _            __ _ _
 /\\ / ___'_ __ _ _(_)_ __  __ _ \ \ \ \
( ( )\___ | '_ | '_| | '_ \/ _` | \ \ \ \
 \\/  ___)| |_)| | | | | || (_| |  ) ) ) )
  '  |____| .__|_| |_|_| |_\__, | / / / /
 =========|_|==============|___/=/_/_/_/
 :: Spring Boot ::                (v2.6.6)

2022-05-20 12:17:43.955  INFO 26987 --- [    Test worker] p.e.a.a.controller.ActorsControllerTest  : Starting ActorsControllerTest using Java 17.0.2 on MacBook-Air-Adrian.local with PID 26987 (started by ajablonsk1 in /Users/ajablonsk1/Desktop/studies/semestr-6/inżynieria-oprogramowania/green-koala/backend)
2022-05-20 12:17:43.955  INFO 26987 --- [    Test worker] p.e.a.a.controller.ActorsControllerTest  : No active profile set, falling back to 1 default profile: "default"
2022-05-20 12:17:44.088  INFO 26987 --- [    Test worker] o.s.b.t.m.w.SpringBootMockServletContext : Initializing Spring TestDispatcherServlet ''
2022-05-20 12:17:44.089  INFO 26987 --- [    Test worker] o.s.t.web.servlet.TestDispatcherServlet  : Initializing Servlet ''
2022-05-20 12:17:44.089  INFO 26987 --- [    Test worker] o.s.t.web.servlet.TestDispatcherServlet  : Completed initialization in 0 ms
2022-05-20 12:17:44.094  INFO 26987 --- [    Test worker] p.e.a.a.controller.ActorsControllerTest  : Started ActorsControllerTest in 0.148 seconds (JVM running for 2.594)
]]></system-out>
  <system-err><![CDATA[]]></system-err>
</testsuite>
